<?xml version="1.0" encoding="UTF-8"?>
<testng-results ignored="0" total="58" passed="58" failed="0" skipped="0">
  <reporter-output>
  </reporter-output>
  <suite started-at="2024-02-06T13:13:12 MYT" name="Default suite" finished-at="2024-02-06T13:13:17 MYT" duration-ms="4753">
    <groups>
      <group name="cucumber">
        <method signature="AbstractTestNGCucumberTests.runScenario(io.cucumber.testng.PickleWrapper,io.cucumber.testng.FeatureWrapper)[pri:0, instance:testRunner.RunnerAdviser@14a54ef6]" name="runScenario" class="io.cucumber.testng.AbstractTestNGCucumberTests"/>
      </group> <!-- cucumber -->
    </groups>
    <test started-at="2024-02-06T13:13:12 MYT" name="Default test" finished-at="2024-02-06T13:13:17 MYT" duration-ms="4753">
      <class name="testRunner.RunnerAdviser">
        <test-method is-config="true" signature="setUpClass(org.testng.ITestContext)[pri:0, instance:testRunner.RunnerAdviser@14a54ef6]" started-at="2024-02-06T13:13:12 MYT" name="setUpClass" finished-at="2024-02-06T13:13:14 MYT" duration-ms="1821" status="PASS">
          <params>
            <param index="0">
              <value>
                <![CDATA[org.testng.TestRunner@39f93225]]>
              </value>
            </param>
          </params>
          <reporter-output>
          </reporter-output>
        </test-method> <!-- setUpClass -->
        <test-method signature="runScenario(io.cucumber.testng.PickleWrapper,io.cucumber.testng.FeatureWrapper)[pri:0, instance:testRunner.RunnerAdviser@14a54ef6]" started-at="2024-02-06T13:13:14 MYT" name="runScenario" description="Runs Cucumber Scenarios" data-provider="scenarios" finished-at="2024-02-06T13:13:15 MYT" duration-ms="939" status="PASS">
          <params>
            <param index="0">
              <value>
                <![CDATA["Verify can open the Express Quotation V2 module"]]>
              </value>
            </param>
            <param index="1">
              <value>
                <![CDATA["Express Quotation V2"]]>
              </value>
            </param>
          </params>
          <reporter-output>
          </reporter-output>
        </test-method> <!-- runScenario -->
        <test-method signature="runScenario(io.cucumber.testng.PickleWrapper,io.cucumber.testng.FeatureWrapper)[pri:0, instance:testRunner.RunnerAdviser@14a54ef6]" started-at="2024-02-06T13:13:15 MYT" name="runScenario" description="Runs Cucumber Scenarios" data-provider="scenarios" finished-at="2024-02-06T13:13:15 MYT" duration-ms="94" status="PASS">
          <params>
            <param index="0">
              <value>
                <![CDATA["Verify can click on the New Enquiry button"]]>
              </value>
            </param>
            <param index="1">
              <value>
                <![CDATA["Express Quotation V2"]]>
              </value>
            </param>
          </params>
          <reporter-output>
          </reporter-output>
        </test-method> <!-- runScenario -->
        <test-method signature="runScenario(io.cucumber.testng.PickleWrapper,io.cucumber.testng.FeatureWrapper)[pri:0, instance:testRunner.RunnerAdviser@14a54ef6]" started-at="2024-02-06T13:13:15 MYT" name="runScenario" description="Runs Cucumber Scenarios" data-provider="scenarios" finished-at="2024-02-06T13:13:15 MYT" duration-ms="114" status="PASS">
          <params>
            <param index="0">
              <value>
                <![CDATA["Verify User can fill up the required form details in Enquiry Tab"]]>
              </value>
            </param>
            <param index="1">
              <value>
                <![CDATA["Express Quotation V2"]]>
              </value>
            </param>
          </params>
          <reporter-output>
          </reporter-output>
        </test-method> <!-- runScenario -->
        <test-method signature="runScenario(io.cucumber.testng.PickleWrapper,io.cucumber.testng.FeatureWrapper)[pri:0, instance:testRunner.RunnerAdviser@14a54ef6]" started-at="2024-02-06T13:13:15 MYT" name="runScenario" description="Runs Cucumber Scenarios" data-provider="scenarios" finished-at="2024-02-06T13:13:16 MYT" duration-ms="74" status="PASS">
          <params>
            <param index="0">
              <value>
                <![CDATA["Verify User can fill up the Vehicle Info in Enquiry Tab"]]>
              </value>
            </param>
            <param index="1">
              <value>
                <![CDATA["Express Quotation V2"]]>
              </value>
            </param>
          </params>
          <reporter-output>
          </reporter-output>
        </test-method> <!-- runScenario -->
        <test-method signature="runScenario(io.cucumber.testng.PickleWrapper,io.cucumber.testng.FeatureWrapper)[pri:0, instance:testRunner.RunnerAdviser@14a54ef6]" started-at="2024-02-06T13:13:16 MYT" name="runScenario" description="Runs Cucumber Scenarios" data-provider="scenarios" finished-at="2024-02-06T13:13:16 MYT" duration-ms="50" status="PASS">
          <params>
            <param index="0">
              <value>
                <![CDATA["Verify User can click Product Info in Quotation for Express Quotation V2."]]>
              </value>
            </param>
            <param index="1">
              <value>
                <![CDATA["Express Quotation V2"]]>
              </value>
            </param>
          </params>
          <reporter-output>
          </reporter-output>
        </test-method> <!-- runScenario -->
        <test-method signature="runScenario(io.cucumber.testng.PickleWrapper,io.cucumber.testng.FeatureWrapper)[pri:0, instance:testRunner.RunnerAdviser@14a54ef6]" started-at="2024-02-06T13:13:16 MYT" name="runScenario" description="Runs Cucumber Scenarios" data-provider="scenarios" finished-at="2024-02-06T13:13:16 MYT" duration-ms="55" status="PASS">
          <params>
            <param index="0">
              <value>
                <![CDATA["Verify User can click Download in Quotation for Express Quotation V2."]]>
              </value>
            </param>
            <param index="1">
              <value>
                <![CDATA["Express Quotation V2"]]>
              </value>
            </param>
          </params>
          <reporter-output>
          </reporter-output>
        </test-method> <!-- runScenario -->
        <test-method signature="runScenario(io.cucumber.testng.PickleWrapper,io.cucumber.testng.FeatureWrapper)[pri:0, instance:testRunner.RunnerAdviser@14a54ef6]" started-at="2024-02-06T13:13:16 MYT" name="runScenario" description="Runs Cucumber Scenarios" data-provider="scenarios" finished-at="2024-02-06T13:13:16 MYT" duration-ms="50" status="PASS">
          <params>
            <param index="0">
              <value>
                <![CDATA["Verify User can click Policy Excess in Quotation for Express Quotation V2."]]>
              </value>
            </param>
            <param index="1">
              <value>
                <![CDATA["Express Quotation V2"]]>
              </value>
            </param>
          </params>
          <reporter-output>
          </reporter-output>
        </test-method> <!-- runScenario -->
        <test-method signature="runScenario(io.cucumber.testng.PickleWrapper,io.cucumber.testng.FeatureWrapper)[pri:0, instance:testRunner.RunnerAdviser@14a54ef6]" started-at="2024-02-06T13:13:16 MYT" name="runScenario" description="Runs Cucumber Scenarios" data-provider="scenarios" finished-at="2024-02-06T13:13:16 MYT" duration-ms="40" status="PASS">
          <params>
            <param index="0">
              <value>
                <![CDATA["Verify User can choose random Quotation for Express Quotation V2."]]>
              </value>
            </param>
            <param index="1">
              <value>
                <![CDATA["Express Quotation V2"]]>
              </value>
            </param>
          </params>
          <reporter-output>
          </reporter-output>
        </test-method> <!-- runScenario -->
        <test-method signature="runScenario(io.cucumber.testng.PickleWrapper,io.cucumber.testng.FeatureWrapper)[pri:0, instance:testRunner.RunnerAdviser@14a54ef6]" started-at="2024-02-06T13:13:16 MYT" name="runScenario" description="Runs Cucumber Scenarios" data-provider="scenarios" finished-at="2024-02-06T13:13:16 MYT" duration-ms="47" status="PASS">
          <params>
            <param index="0">
              <value>
                <![CDATA["Verify User can update Personal Info for Express Quotation V2."]]>
              </value>
            </param>
            <param index="1">
              <value>
                <![CDATA["Express Quotation V2"]]>
              </value>
            </param>
          </params>
          <reporter-output>
          </reporter-output>
        </test-method> <!-- runScenario -->
        <test-method signature="runScenario(io.cucumber.testng.PickleWrapper,io.cucumber.testng.FeatureWrapper)[pri:0, instance:testRunner.RunnerAdviser@14a54ef6]" started-at="2024-02-06T13:13:16 MYT" name="runScenario" description="Runs Cucumber Scenarios" data-provider="scenarios" finished-at="2024-02-06T13:13:16 MYT" duration-ms="47" status="PASS">
          <params>
            <param index="0">
              <value>
                <![CDATA["Verify User can Finalize the Quotation for Express Quotation V2."]]>
              </value>
            </param>
            <param index="1">
              <value>
                <![CDATA["Express Quotation V2"]]>
              </value>
            </param>
          </params>
          <reporter-output>
          </reporter-output>
        </test-method> <!-- runScenario -->
        <test-method signature="runScenario(io.cucumber.testng.PickleWrapper,io.cucumber.testng.FeatureWrapper)[pri:0, instance:testRunner.RunnerAdviser@14a54ef6]" started-at="2024-02-06T13:13:16 MYT" name="runScenario" description="Runs Cucumber Scenarios" data-provider="scenarios" finished-at="2024-02-06T13:13:16 MYT" duration-ms="45" status="PASS">
          <params>
            <param index="0">
              <value>
                <![CDATA["Verify User can make payment for Express Quotation V2 through Online Banking."]]>
              </value>
            </param>
            <param index="1">
              <value>
                <![CDATA["Express Quotation V2"]]>
              </value>
            </param>
          </params>
          <reporter-output>
          </reporter-output>
        </test-method> <!-- runScenario -->
        <test-method signature="runScenario(io.cucumber.testng.PickleWrapper,io.cucumber.testng.FeatureWrapper)[pri:0, instance:testRunner.RunnerAdviser@14a54ef6]" started-at="2024-02-06T13:13:16 MYT" name="runScenario" description="Runs Cucumber Scenarios" data-provider="scenarios" finished-at="2024-02-06T13:13:16 MYT" duration-ms="49" status="PASS">
          <params>
            <param index="0">
              <value>
                <![CDATA["Verify User can make payment for Express Quotation V2 through Credit Card."]]>
              </value>
            </param>
            <param index="1">
              <value>
                <![CDATA["Express Quotation V2"]]>
              </value>
            </param>
          </params>
          <reporter-output>
          </reporter-output>
        </test-method> <!-- runScenario -->
        <test-method signature="runScenario(io.cucumber.testng.PickleWrapper,io.cucumber.testng.FeatureWrapper)[pri:0, instance:testRunner.RunnerAdviser@14a54ef6]" started-at="2024-02-06T13:13:16 MYT" name="runScenario" description="Runs Cucumber Scenarios" data-provider="scenarios" finished-at="2024-02-06T13:13:16 MYT" duration-ms="39" status="PASS">
          <params>
            <param index="0">
              <value>
                <![CDATA["Verify User can view Policy Tab after making Payment."]]>
              </value>
            </param>
            <param index="1">
              <value>
                <![CDATA["Express Quotation V2"]]>
              </value>
            </param>
          </params>
          <reporter-output>
          </reporter-output>
        </test-method> <!-- runScenario -->
        <test-method signature="runScenario(io.cucumber.testng.PickleWrapper,io.cucumber.testng.FeatureWrapper)[pri:0, instance:testRunner.RunnerAdviser@14a54ef6]" started-at="2024-02-06T13:13:16 MYT" name="runScenario" description="Runs Cucumber Scenarios" data-provider="scenarios" finished-at="2024-02-06T13:13:16 MYT" duration-ms="32" status="PASS">
          <params>
            <param index="0">
              <value>
                <![CDATA["(N) Verify user cannot create new Enquiry with all alphabets in NRIC Textbox"]]>
              </value>
            </param>
            <param index="1">
              <value>
                <![CDATA["Express Quotation V2"]]>
              </value>
            </param>
          </params>
          <reporter-output>
          </reporter-output>
        </test-method> <!-- runScenario -->
        <test-method signature="runScenario(io.cucumber.testng.PickleWrapper,io.cucumber.testng.FeatureWrapper)[pri:0, instance:testRunner.RunnerAdviser@14a54ef6]" started-at="2024-02-06T13:13:16 MYT" name="runScenario" description="Runs Cucumber Scenarios" data-provider="scenarios" finished-at="2024-02-06T13:13:16 MYT" duration-ms="28" status="PASS">
          <params>
            <param index="0">
              <value>
                <![CDATA["(N) Verify user cannot create new Enquiry with null value in NRIC Textbox"]]>
              </value>
            </param>
            <param index="1">
              <value>
                <![CDATA["Express Quotation V2"]]>
              </value>
            </param>
          </params>
          <reporter-output>
          </reporter-output>
        </test-method> <!-- runScenario -->
        <test-method signature="runScenario(io.cucumber.testng.PickleWrapper,io.cucumber.testng.FeatureWrapper)[pri:0, instance:testRunner.RunnerAdviser@14a54ef6]" started-at="2024-02-06T13:13:16 MYT" name="runScenario" description="Runs Cucumber Scenarios" data-provider="scenarios" finished-at="2024-02-06T13:13:16 MYT" duration-ms="30" status="PASS">
          <params>
            <param index="0">
              <value>
                <![CDATA["(N) Verify user cannot create new Enquiry with all symbols in NRIC Textbox"]]>
              </value>
            </param>
            <param index="1">
              <value>
                <![CDATA["Express Quotation V2"]]>
              </value>
            </param>
          </params>
          <reporter-output>
          </reporter-output>
        </test-method> <!-- runScenario -->
        <test-method signature="runScenario(io.cucumber.testng.PickleWrapper,io.cucumber.testng.FeatureWrapper)[pri:0, instance:testRunner.RunnerAdviser@14a54ef6]" started-at="2024-02-06T13:13:16 MYT" name="runScenario" description="Runs Cucumber Scenarios" data-provider="scenarios" finished-at="2024-02-06T13:13:16 MYT" duration-ms="30" status="PASS">
          <params>
            <param index="0">
              <value>
                <![CDATA["(N) Verify user cannot create new Enquiry with less than 12 digits in NRIC Textbox"]]>
              </value>
            </param>
            <param index="1">
              <value>
                <![CDATA["Express Quotation V2"]]>
              </value>
            </param>
          </params>
          <reporter-output>
          </reporter-output>
        </test-method> <!-- runScenario -->
        <test-method signature="runScenario(io.cucumber.testng.PickleWrapper,io.cucumber.testng.FeatureWrapper)[pri:0, instance:testRunner.RunnerAdviser@14a54ef6]" started-at="2024-02-06T13:13:16 MYT" name="runScenario" description="Runs Cucumber Scenarios" data-provider="scenarios" finished-at="2024-02-06T13:13:16 MYT" duration-ms="30" status="PASS">
          <params>
            <param index="0">
              <value>
                <![CDATA["(N) Verify user cannot create new Enquiry with symbols, alphabets and numbers in NRIC Textbox"]]>
              </value>
            </param>
            <param index="1">
              <value>
                <![CDATA["Express Quotation V2"]]>
              </value>
            </param>
          </params>
          <reporter-output>
          </reporter-output>
        </test-method> <!-- runScenario -->
        <test-method signature="runScenario(io.cucumber.testng.PickleWrapper,io.cucumber.testng.FeatureWrapper)[pri:0, instance:testRunner.RunnerAdviser@14a54ef6]" started-at="2024-02-06T13:13:16 MYT" name="runScenario" description="Runs Cucumber Scenarios" data-provider="scenarios" finished-at="2024-02-06T13:13:16 MYT" duration-ms="27" status="PASS">
          <params>
            <param index="0">
              <value>
                <![CDATA["(N) Verify user cannot create new Enquiry with symbols and numbers in NRIC Textbox"]]>
              </value>
            </param>
            <param index="1">
              <value>
                <![CDATA["Express Quotation V2"]]>
              </value>
            </param>
          </params>
          <reporter-output>
          </reporter-output>
        </test-method> <!-- runScenario -->
        <test-method signature="runScenario(io.cucumber.testng.PickleWrapper,io.cucumber.testng.FeatureWrapper)[pri:0, instance:testRunner.RunnerAdviser@14a54ef6]" started-at="2024-02-06T13:13:16 MYT" name="runScenario" description="Runs Cucumber Scenarios" data-provider="scenarios" finished-at="2024-02-06T13:13:16 MYT" duration-ms="29" status="PASS">
          <params>
            <param index="0">
              <value>
                <![CDATA["Verify user can create new Enquiry with 12 digits in NRIC Textbox"]]>
              </value>
            </param>
            <param index="1">
              <value>
                <![CDATA["Express Quotation V2"]]>
              </value>
            </param>
          </params>
          <reporter-output>
          </reporter-output>
        </test-method> <!-- runScenario -->
        <test-method signature="runScenario(io.cucumber.testng.PickleWrapper,io.cucumber.testng.FeatureWrapper)[pri:0, instance:testRunner.RunnerAdviser@14a54ef6]" started-at="2024-02-06T13:13:16 MYT" name="runScenario" description="Runs Cucumber Scenarios" data-provider="scenarios" finished-at="2024-02-06T13:13:16 MYT" duration-ms="28" status="PASS">
          <params>
            <param index="0">
              <value>
                <![CDATA["(N) Verify user cannot create new Enquiry with all alphabets in Vehicle RegNo Textbox"]]>
              </value>
            </param>
            <param index="1">
              <value>
                <![CDATA["Express Quotation V2"]]>
              </value>
            </param>
          </params>
          <reporter-output>
          </reporter-output>
        </test-method> <!-- runScenario -->
        <test-method signature="runScenario(io.cucumber.testng.PickleWrapper,io.cucumber.testng.FeatureWrapper)[pri:0, instance:testRunner.RunnerAdviser@14a54ef6]" started-at="2024-02-06T13:13:16 MYT" name="runScenario" description="Runs Cucumber Scenarios" data-provider="scenarios" finished-at="2024-02-06T13:13:16 MYT" duration-ms="29" status="PASS">
          <params>
            <param index="0">
              <value>
                <![CDATA["(N) Verify user cannot create new Enquiry with all numbers in Vehicle RegNo Textbox"]]>
              </value>
            </param>
            <param index="1">
              <value>
                <![CDATA["Express Quotation V2"]]>
              </value>
            </param>
          </params>
          <reporter-output>
          </reporter-output>
        </test-method> <!-- runScenario -->
        <test-method signature="runScenario(io.cucumber.testng.PickleWrapper,io.cucumber.testng.FeatureWrapper)[pri:0, instance:testRunner.RunnerAdviser@14a54ef6]" started-at="2024-02-06T13:13:16 MYT" name="runScenario" description="Runs Cucumber Scenarios" data-provider="scenarios" finished-at="2024-02-06T13:13:16 MYT" duration-ms="26" status="PASS">
          <params>
            <param index="0">
              <value>
                <![CDATA["(N) Verify user cannot create new Enquiry with null value in Vehicle RegNo Textbox"]]>
              </value>
            </param>
            <param index="1">
              <value>
                <![CDATA["Express Quotation V2"]]>
              </value>
            </param>
          </params>
          <reporter-output>
          </reporter-output>
        </test-method> <!-- runScenario -->
        <test-method signature="runScenario(io.cucumber.testng.PickleWrapper,io.cucumber.testng.FeatureWrapper)[pri:0, instance:testRunner.RunnerAdviser@14a54ef6]" started-at="2024-02-06T13:13:16 MYT" name="runScenario" description="Runs Cucumber Scenarios" data-provider="scenarios" finished-at="2024-02-06T13:13:16 MYT" duration-ms="19" status="PASS">
          <params>
            <param index="0">
              <value>
                <![CDATA["(N) Verify user cannot create new Enquiry with all symbols in Vehicle RegNo Textbox"]]>
              </value>
            </param>
            <param index="1">
              <value>
                <![CDATA["Express Quotation V2"]]>
              </value>
            </param>
          </params>
          <reporter-output>
          </reporter-output>
        </test-method> <!-- runScenario -->
        <test-method signature="runScenario(io.cucumber.testng.PickleWrapper,io.cucumber.testng.FeatureWrapper)[pri:0, instance:testRunner.RunnerAdviser@14a54ef6]" started-at="2024-02-06T13:13:16 MYT" name="runScenario" description="Runs Cucumber Scenarios" data-provider="scenarios" finished-at="2024-02-06T13:13:16 MYT" duration-ms="21" status="PASS">
          <params>
            <param index="0">
              <value>
                <![CDATA["(N) Verify user cannot create new Enquiry with symbols, alphabets and numbers in Vehicle RegNo Textbox"]]>
              </value>
            </param>
            <param index="1">
              <value>
                <![CDATA["Express Quotation V2"]]>
              </value>
            </param>
          </params>
          <reporter-output>
          </reporter-output>
        </test-method> <!-- runScenario -->
        <test-method signature="runScenario(io.cucumber.testng.PickleWrapper,io.cucumber.testng.FeatureWrapper)[pri:0, instance:testRunner.RunnerAdviser@14a54ef6]" started-at="2024-02-06T13:13:16 MYT" name="runScenario" description="Runs Cucumber Scenarios" data-provider="scenarios" finished-at="2024-02-06T13:13:16 MYT" duration-ms="20" status="PASS">
          <params>
            <param index="0">
              <value>
                <![CDATA["(N) Verify user cannot create new Enquiry with symbols and numbers in Vehicle RegNo Textbox"]]>
              </value>
            </param>
            <param index="1">
              <value>
                <![CDATA["Express Quotation V2"]]>
              </value>
            </param>
          </params>
          <reporter-output>
          </reporter-output>
        </test-method> <!-- runScenario -->
        <test-method signature="runScenario(io.cucumber.testng.PickleWrapper,io.cucumber.testng.FeatureWrapper)[pri:0, instance:testRunner.RunnerAdviser@14a54ef6]" started-at="2024-02-06T13:13:16 MYT" name="runScenario" description="Runs Cucumber Scenarios" data-provider="scenarios" finished-at="2024-02-06T13:13:16 MYT" duration-ms="26" status="PASS">
          <params>
            <param index="0">
              <value>
                <![CDATA["(N) Verify User cannot continue further without choosing Quotation for Express Quotation."]]>
              </value>
            </param>
            <param index="1">
              <value>
                <![CDATA["Express Quotation V2"]]>
              </value>
            </param>
          </params>
          <reporter-output>
          </reporter-output>
        </test-method> <!-- runScenario -->
        <test-method signature="runScenario(io.cucumber.testng.PickleWrapper,io.cucumber.testng.FeatureWrapper)[pri:0, instance:testRunner.RunnerAdviser@14a54ef6]" started-at="2024-02-06T13:13:16 MYT" name="runScenario" description="Runs Cucumber Scenarios" data-provider="scenarios" finished-at="2024-02-06T13:13:16 MYT" duration-ms="21" status="PASS">
          <params>
            <param index="0">
              <value>
                <![CDATA["(N) Verify user cannot create new Enquiry with all Numbers in Name Textbox"]]>
              </value>
            </param>
            <param index="1">
              <value>
                <![CDATA["Express Quotation V2"]]>
              </value>
            </param>
          </params>
          <reporter-output>
          </reporter-output>
        </test-method> <!-- runScenario -->
        <test-method signature="runScenario(io.cucumber.testng.PickleWrapper,io.cucumber.testng.FeatureWrapper)[pri:0, instance:testRunner.RunnerAdviser@14a54ef6]" started-at="2024-02-06T13:13:16 MYT" name="runScenario" description="Runs Cucumber Scenarios" data-provider="scenarios" finished-at="2024-02-06T13:13:16 MYT" duration-ms="24" status="PASS">
          <params>
            <param index="0">
              <value>
                <![CDATA["(N) Verify user cannot create new Enquiry with all Symbols in Name Textbox"]]>
              </value>
            </param>
            <param index="1">
              <value>
                <![CDATA["Express Quotation V2"]]>
              </value>
            </param>
          </params>
          <reporter-output>
          </reporter-output>
        </test-method> <!-- runScenario -->
        <test-method signature="runScenario(io.cucumber.testng.PickleWrapper,io.cucumber.testng.FeatureWrapper)[pri:0, instance:testRunner.RunnerAdviser@14a54ef6]" started-at="2024-02-06T13:13:16 MYT" name="runScenario" description="Runs Cucumber Scenarios" data-provider="scenarios" finished-at="2024-02-06T13:13:16 MYT" duration-ms="19" status="PASS">
          <params>
            <param index="0">
              <value>
                <![CDATA["(N) Verify user cannot create new Enquiry with Symbols and Numbers in Name Textbox"]]>
              </value>
            </param>
            <param index="1">
              <value>
                <![CDATA["Express Quotation V2"]]>
              </value>
            </param>
          </params>
          <reporter-output>
          </reporter-output>
        </test-method> <!-- runScenario -->
        <test-method signature="runScenario(io.cucumber.testng.PickleWrapper,io.cucumber.testng.FeatureWrapper)[pri:0, instance:testRunner.RunnerAdviser@14a54ef6]" started-at="2024-02-06T13:13:16 MYT" name="runScenario" description="Runs Cucumber Scenarios" data-provider="scenarios" finished-at="2024-02-06T13:13:16 MYT" duration-ms="16" status="PASS">
          <params>
            <param index="0">
              <value>
                <![CDATA["(N) Verify user cannot create new Enquiry with Alphabets, Symbols and Numbers in Name Textbox"]]>
              </value>
            </param>
            <param index="1">
              <value>
                <![CDATA["Express Quotation V2"]]>
              </value>
            </param>
          </params>
          <reporter-output>
          </reporter-output>
        </test-method> <!-- runScenario -->
        <test-method signature="runScenario(io.cucumber.testng.PickleWrapper,io.cucumber.testng.FeatureWrapper)[pri:0, instance:testRunner.RunnerAdviser@14a54ef6]" started-at="2024-02-06T13:13:16 MYT" name="runScenario" description="Runs Cucumber Scenarios" data-provider="scenarios" finished-at="2024-02-06T13:13:16 MYT" duration-ms="24" status="PASS">
          <params>
            <param index="0">
              <value>
                <![CDATA["Verify user can create new Enquiry with all UPPERCASE in Name Textbox"]]>
              </value>
            </param>
            <param index="1">
              <value>
                <![CDATA["Express Quotation V2"]]>
              </value>
            </param>
          </params>
          <reporter-output>
          </reporter-output>
        </test-method> <!-- runScenario -->
        <test-method signature="runScenario(io.cucumber.testng.PickleWrapper,io.cucumber.testng.FeatureWrapper)[pri:0, instance:testRunner.RunnerAdviser@14a54ef6]" started-at="2024-02-06T13:13:16 MYT" name="runScenario" description="Runs Cucumber Scenarios" data-provider="scenarios" finished-at="2024-02-06T13:13:17 MYT" duration-ms="26" status="PASS">
          <params>
            <param index="0">
              <value>
                <![CDATA["Verify user can create new Enquiry with all lowercase in Name Textbox"]]>
              </value>
            </param>
            <param index="1">
              <value>
                <![CDATA["Express Quotation V2"]]>
              </value>
            </param>
          </params>
          <reporter-output>
          </reporter-output>
        </test-method> <!-- runScenario -->
        <test-method signature="runScenario(io.cucumber.testng.PickleWrapper,io.cucumber.testng.FeatureWrapper)[pri:0, instance:testRunner.RunnerAdviser@14a54ef6]" started-at="2024-02-06T13:13:17 MYT" name="runScenario" description="Runs Cucumber Scenarios" data-provider="scenarios" finished-at="2024-02-06T13:13:17 MYT" duration-ms="19" status="PASS">
          <params>
            <param index="0">
              <value>
                <![CDATA["Verify user can create new Enquiry with acceptable symbols in Name Textbox"]]>
              </value>
            </param>
            <param index="1">
              <value>
                <![CDATA["Express Quotation V2"]]>
              </value>
            </param>
          </params>
          <reporter-output>
          </reporter-output>
        </test-method> <!-- runScenario -->
        <test-method signature="runScenario(io.cucumber.testng.PickleWrapper,io.cucumber.testng.FeatureWrapper)[pri:0, instance:testRunner.RunnerAdviser@14a54ef6]" started-at="2024-02-06T13:13:17 MYT" name="runScenario" description="Runs Cucumber Scenarios" data-provider="scenarios" finished-at="2024-02-06T13:13:17 MYT" duration-ms="21" status="PASS">
          <params>
            <param index="0">
              <value>
                <![CDATA["(N) Verify user cannot create new Enquiry with null value in Name Textbox"]]>
              </value>
            </param>
            <param index="1">
              <value>
                <![CDATA["Express Quotation V2"]]>
              </value>
            </param>
          </params>
          <reporter-output>
          </reporter-output>
        </test-method> <!-- runScenario -->
        <test-method signature="runScenario(io.cucumber.testng.PickleWrapper,io.cucumber.testng.FeatureWrapper)[pri:0, instance:testRunner.RunnerAdviser@14a54ef6]" started-at="2024-02-06T13:13:17 MYT" name="runScenario" description="Runs Cucumber Scenarios" data-provider="scenarios" finished-at="2024-02-06T13:13:17 MYT" duration-ms="22" status="PASS">
          <params>
            <param index="0">
              <value>
                <![CDATA["(N) Verify user cannot create new Enquiry with all alphabets in Contact Number Textbox"]]>
              </value>
            </param>
            <param index="1">
              <value>
                <![CDATA["Express Quotation V2"]]>
              </value>
            </param>
          </params>
          <reporter-output>
          </reporter-output>
        </test-method> <!-- runScenario -->
        <test-method signature="runScenario(io.cucumber.testng.PickleWrapper,io.cucumber.testng.FeatureWrapper)[pri:0, instance:testRunner.RunnerAdviser@14a54ef6]" started-at="2024-02-06T13:13:17 MYT" name="runScenario" description="Runs Cucumber Scenarios" data-provider="scenarios" finished-at="2024-02-06T13:13:17 MYT" duration-ms="22" status="PASS">
          <params>
            <param index="0">
              <value>
                <![CDATA["(N) Verify user cannot create new Enquiry with all symbols in Contact Number Textbox"]]>
              </value>
            </param>
            <param index="1">
              <value>
                <![CDATA["Express Quotation V2"]]>
              </value>
            </param>
          </params>
          <reporter-output>
          </reporter-output>
        </test-method> <!-- runScenario -->
        <test-method signature="runScenario(io.cucumber.testng.PickleWrapper,io.cucumber.testng.FeatureWrapper)[pri:0, instance:testRunner.RunnerAdviser@14a54ef6]" started-at="2024-02-06T13:13:17 MYT" name="runScenario" description="Runs Cucumber Scenarios" data-provider="scenarios" finished-at="2024-02-06T13:13:17 MYT" duration-ms="23" status="PASS">
          <params>
            <param index="0">
              <value>
                <![CDATA["(N) Verify user cannot create new Enquiry with symbols and numbers in Contact Number Textbox"]]>
              </value>
            </param>
            <param index="1">
              <value>
                <![CDATA["Express Quotation V2"]]>
              </value>
            </param>
          </params>
          <reporter-output>
          </reporter-output>
        </test-method> <!-- runScenario -->
        <test-method signature="runScenario(io.cucumber.testng.PickleWrapper,io.cucumber.testng.FeatureWrapper)[pri:0, instance:testRunner.RunnerAdviser@14a54ef6]" started-at="2024-02-06T13:13:17 MYT" name="runScenario" description="Runs Cucumber Scenarios" data-provider="scenarios" finished-at="2024-02-06T13:13:17 MYT" duration-ms="20" status="PASS">
          <params>
            <param index="0">
              <value>
                <![CDATA["(N) Verify user cannot create new Enquiry with alphabets, symbols and numbers in Contact Number Textbox"]]>
              </value>
            </param>
            <param index="1">
              <value>
                <![CDATA["Express Quotation V2"]]>
              </value>
            </param>
          </params>
          <reporter-output>
          </reporter-output>
        </test-method> <!-- runScenario -->
        <test-method signature="runScenario(io.cucumber.testng.PickleWrapper,io.cucumber.testng.FeatureWrapper)[pri:0, instance:testRunner.RunnerAdviser@14a54ef6]" started-at="2024-02-06T13:13:17 MYT" name="runScenario" description="Runs Cucumber Scenarios" data-provider="scenarios" finished-at="2024-02-06T13:13:17 MYT" duration-ms="23" status="PASS">
          <params>
            <param index="0">
              <value>
                <![CDATA["(N) Verify user cannot create new Enquiry with less than 8 digits in Contact Number Textbox"]]>
              </value>
            </param>
            <param index="1">
              <value>
                <![CDATA["Express Quotation V2"]]>
              </value>
            </param>
          </params>
          <reporter-output>
          </reporter-output>
        </test-method> <!-- runScenario -->
        <test-method signature="runScenario(io.cucumber.testng.PickleWrapper,io.cucumber.testng.FeatureWrapper)[pri:0, instance:testRunner.RunnerAdviser@14a54ef6]" started-at="2024-02-06T13:13:17 MYT" name="runScenario" description="Runs Cucumber Scenarios" data-provider="scenarios" finished-at="2024-02-06T13:13:17 MYT" duration-ms="21" status="PASS">
          <params>
            <param index="0">
              <value>
                <![CDATA["(N) Verify user cannot create new Enquiry with more than 12 digits in Contact Number Textbox"]]>
              </value>
            </param>
            <param index="1">
              <value>
                <![CDATA["Express Quotation V2"]]>
              </value>
            </param>
          </params>
          <reporter-output>
          </reporter-output>
        </test-method> <!-- runScenario -->
        <test-method signature="runScenario(io.cucumber.testng.PickleWrapper,io.cucumber.testng.FeatureWrapper)[pri:0, instance:testRunner.RunnerAdviser@14a54ef6]" started-at="2024-02-06T13:13:17 MYT" name="runScenario" description="Runs Cucumber Scenarios" data-provider="scenarios" finished-at="2024-02-06T13:13:17 MYT" duration-ms="28" status="PASS">
          <params>
            <param index="0">
              <value>
                <![CDATA["Verify user can create new Enquiry with null value in Contact Number Textbox"]]>
              </value>
            </param>
            <param index="1">
              <value>
                <![CDATA["Express Quotation V2"]]>
              </value>
            </param>
          </params>
          <reporter-output>
          </reporter-output>
        </test-method> <!-- runScenario -->
        <test-method signature="runScenario(io.cucumber.testng.PickleWrapper,io.cucumber.testng.FeatureWrapper)[pri:0, instance:testRunner.RunnerAdviser@14a54ef6]" started-at="2024-02-06T13:13:17 MYT" name="runScenario" description="Runs Cucumber Scenarios" data-provider="scenarios" finished-at="2024-02-06T13:13:17 MYT" duration-ms="21" status="PASS">
          <params>
            <param index="0">
              <value>
                <![CDATA["Verify user can create new Enquiry within 8 - 12 digits in Contact Number Textbox"]]>
              </value>
            </param>
            <param index="1">
              <value>
                <![CDATA["Express Quotation V2"]]>
              </value>
            </param>
          </params>
          <reporter-output>
          </reporter-output>
        </test-method> <!-- runScenario -->
        <test-method signature="runScenario(io.cucumber.testng.PickleWrapper,io.cucumber.testng.FeatureWrapper)[pri:0, instance:testRunner.RunnerAdviser@14a54ef6]" started-at="2024-02-06T13:13:17 MYT" name="runScenario" description="Runs Cucumber Scenarios" data-provider="scenarios" finished-at="2024-02-06T13:13:17 MYT" duration-ms="21" status="PASS">
          <params>
            <param index="0">
              <value>
                <![CDATA["(N) Verify user cannot create new Enquiry without '@' in domain name in Email Textbox"]]>
              </value>
            </param>
            <param index="1">
              <value>
                <![CDATA["Express Quotation V2"]]>
              </value>
            </param>
          </params>
          <reporter-output>
          </reporter-output>
        </test-method> <!-- runScenario -->
        <test-method signature="runScenario(io.cucumber.testng.PickleWrapper,io.cucumber.testng.FeatureWrapper)[pri:0, instance:testRunner.RunnerAdviser@14a54ef6]" started-at="2024-02-06T13:13:17 MYT" name="runScenario" description="Runs Cucumber Scenarios" data-provider="scenarios" finished-at="2024-02-06T13:13:17 MYT" duration-ms="23" status="PASS">
          <params>
            <param index="0">
              <value>
                <![CDATA["(N) Verify user cannot create new Enquiry without full domain in Email Textbox"]]>
              </value>
            </param>
            <param index="1">
              <value>
                <![CDATA["Express Quotation V2"]]>
              </value>
            </param>
          </params>
          <reporter-output>
          </reporter-output>
        </test-method> <!-- runScenario -->
        <test-method signature="runScenario(io.cucumber.testng.PickleWrapper,io.cucumber.testng.FeatureWrapper)[pri:0, instance:testRunner.RunnerAdviser@14a54ef6]" started-at="2024-02-06T13:13:17 MYT" name="runScenario" description="Runs Cucumber Scenarios" data-provider="scenarios" finished-at="2024-02-06T13:13:17 MYT" duration-ms="20" status="PASS">
          <params>
            <param index="0">
              <value>
                <![CDATA["(N) Verify user cannot create new Enquiry without domain in Email Textbox"]]>
              </value>
            </param>
            <param index="1">
              <value>
                <![CDATA["Express Quotation V2"]]>
              </value>
            </param>
          </params>
          <reporter-output>
          </reporter-output>
        </test-method> <!-- runScenario -->
        <test-method signature="runScenario(io.cucumber.testng.PickleWrapper,io.cucumber.testng.FeatureWrapper)[pri:0, instance:testRunner.RunnerAdviser@14a54ef6]" started-at="2024-02-06T13:13:17 MYT" name="runScenario" description="Runs Cucumber Scenarios" data-provider="scenarios" finished-at="2024-02-06T13:13:17 MYT" duration-ms="24" status="PASS">
          <params>
            <param index="0">
              <value>
                <![CDATA["(N) Verify user cannot create new Enquiry with numbers in Email Textbox"]]>
              </value>
            </param>
            <param index="1">
              <value>
                <![CDATA["Express Quotation V2"]]>
              </value>
            </param>
          </params>
          <reporter-output>
          </reporter-output>
        </test-method> <!-- runScenario -->
        <test-method signature="runScenario(io.cucumber.testng.PickleWrapper,io.cucumber.testng.FeatureWrapper)[pri:0, instance:testRunner.RunnerAdviser@14a54ef6]" started-at="2024-02-06T13:13:17 MYT" name="runScenario" description="Runs Cucumber Scenarios" data-provider="scenarios" finished-at="2024-02-06T13:13:17 MYT" duration-ms="20" status="PASS">
          <params>
            <param index="0">
              <value>
                <![CDATA["Verify user can create new Enquiry with null value in Email Textbox"]]>
              </value>
            </param>
            <param index="1">
              <value>
                <![CDATA["Express Quotation V2"]]>
              </value>
            </param>
          </params>
          <reporter-output>
          </reporter-output>
        </test-method> <!-- runScenario -->
        <test-method signature="runScenario(io.cucumber.testng.PickleWrapper,io.cucumber.testng.FeatureWrapper)[pri:0, instance:testRunner.RunnerAdviser@14a54ef6]" started-at="2024-02-06T13:13:17 MYT" name="runScenario" description="Runs Cucumber Scenarios" data-provider="scenarios" finished-at="2024-02-06T13:13:17 MYT" duration-ms="19" status="PASS">
          <params>
            <param index="0">
              <value>
                <![CDATA["Verify user can create new Enquiry with complete Email address in Email Textbox"]]>
              </value>
            </param>
            <param index="1">
              <value>
                <![CDATA["Express Quotation V2"]]>
              </value>
            </param>
          </params>
          <reporter-output>
          </reporter-output>
        </test-method> <!-- runScenario -->
        <test-method signature="runScenario(io.cucumber.testng.PickleWrapper,io.cucumber.testng.FeatureWrapper)[pri:0, instance:testRunner.RunnerAdviser@14a54ef6]" started-at="2024-02-06T13:13:17 MYT" name="runScenario" description="Runs Cucumber Scenarios" data-provider="scenarios" finished-at="2024-02-06T13:13:17 MYT" duration-ms="23" status="PASS">
          <params>
            <param index="0">
              <value>
                <![CDATA["(N) Verify user cannot create new Enquiry with null value in Line 1 and Line 2 textbox"]]>
              </value>
            </param>
            <param index="1">
              <value>
                <![CDATA["Express Quotation V2"]]>
              </value>
            </param>
          </params>
          <reporter-output>
          </reporter-output>
        </test-method> <!-- runScenario -->
        <test-method signature="runScenario(io.cucumber.testng.PickleWrapper,io.cucumber.testng.FeatureWrapper)[pri:0, instance:testRunner.RunnerAdviser@14a54ef6]" started-at="2024-02-06T13:13:17 MYT" name="runScenario" description="Runs Cucumber Scenarios" data-provider="scenarios" finished-at="2024-02-06T13:13:17 MYT" duration-ms="28" status="PASS">
          <params>
            <param index="0">
              <value>
                <![CDATA["(N) Verify user cannot create new Enquiry with null value in Postcode dropdown list"]]>
              </value>
            </param>
            <param index="1">
              <value>
                <![CDATA["Express Quotation V2"]]>
              </value>
            </param>
          </params>
          <reporter-output>
          </reporter-output>
        </test-method> <!-- runScenario -->
        <test-method signature="runScenario(io.cucumber.testng.PickleWrapper,io.cucumber.testng.FeatureWrapper)[pri:0, instance:testRunner.RunnerAdviser@14a54ef6]" started-at="2024-02-06T13:13:17 MYT" name="runScenario" description="Runs Cucumber Scenarios" data-provider="scenarios" finished-at="2024-02-06T13:13:17 MYT" duration-ms="22" status="PASS">
          <params>
            <param index="0">
              <value>
                <![CDATA["(N) Verify user cannot create new Enquiry with null value in Maritial dropdown list"]]>
              </value>
            </param>
            <param index="1">
              <value>
                <![CDATA["Express Quotation V2"]]>
              </value>
            </param>
          </params>
          <reporter-output>
          </reporter-output>
        </test-method> <!-- runScenario -->
        <test-method signature="runScenario(io.cucumber.testng.PickleWrapper,io.cucumber.testng.FeatureWrapper)[pri:0, instance:testRunner.RunnerAdviser@14a54ef6]" started-at="2024-02-06T13:13:17 MYT" name="runScenario" description="Runs Cucumber Scenarios" data-provider="scenarios" finished-at="2024-02-06T13:13:17 MYT" duration-ms="23" status="PASS">
          <params>
            <param index="0">
              <value>
                <![CDATA["(N) Verify user cannot create new Enquiry with null value in Nature of Business dropdown list"]]>
              </value>
            </param>
            <param index="1">
              <value>
                <![CDATA["Express Quotation V2"]]>
              </value>
            </param>
          </params>
          <reporter-output>
          </reporter-output>
        </test-method> <!-- runScenario -->
        <test-method signature="runScenario(io.cucumber.testng.PickleWrapper,io.cucumber.testng.FeatureWrapper)[pri:0, instance:testRunner.RunnerAdviser@14a54ef6]" started-at="2024-02-06T13:13:17 MYT" name="runScenario" description="Runs Cucumber Scenarios" data-provider="scenarios" finished-at="2024-02-06T13:13:17 MYT" duration-ms="24" status="PASS">
          <params>
            <param index="0">
              <value>
                <![CDATA["(N) Verify user cannot create new Enquiry with null value in Occupation dropdown list"]]>
              </value>
            </param>
            <param index="1">
              <value>
                <![CDATA["Express Quotation V2"]]>
              </value>
            </param>
          </params>
          <reporter-output>
          </reporter-output>
        </test-method> <!-- runScenario -->
        <test-method signature="runScenario(io.cucumber.testng.PickleWrapper,io.cucumber.testng.FeatureWrapper)[pri:0, instance:testRunner.RunnerAdviser@14a54ef6]" started-at="2024-02-06T13:13:17 MYT" name="runScenario" description="Runs Cucumber Scenarios" data-provider="scenarios" finished-at="2024-02-06T13:13:17 MYT" duration-ms="25" status="PASS">
          <params>
            <param index="0">
              <value>
                <![CDATA["(N) Verify User cannot make payment for Express Quotation through wrong FPX credential."]]>
              </value>
            </param>
            <param index="1">
              <value>
                <![CDATA["Express Quotation V2"]]>
              </value>
            </param>
          </params>
          <reporter-output>
          </reporter-output>
        </test-method> <!-- runScenario -->
        <test-method signature="runScenario(io.cucumber.testng.PickleWrapper,io.cucumber.testng.FeatureWrapper)[pri:0, instance:testRunner.RunnerAdviser@14a54ef6]" started-at="2024-02-06T13:13:17 MYT" name="runScenario" description="Runs Cucumber Scenarios" data-provider="scenarios" finished-at="2024-02-06T13:13:17 MYT" duration-ms="26" status="PASS">
          <params>
            <param index="0">
              <value>
                <![CDATA["(N) Verify User cannot proceed to Policy Tab in Express Quotation without making Payment."]]>
              </value>
            </param>
            <param index="1">
              <value>
                <![CDATA["Express Quotation V2"]]>
              </value>
            </param>
          </params>
          <reporter-output>
          </reporter-output>
        </test-method> <!-- runScenario -->
        <test-method signature="runScenario(io.cucumber.testng.PickleWrapper,io.cucumber.testng.FeatureWrapper)[pri:0, instance:testRunner.RunnerAdviser@14a54ef6]" started-at="2024-02-06T13:13:17 MYT" name="runScenario" description="Runs Cucumber Scenarios" data-provider="scenarios" finished-at="2024-02-06T13:13:17 MYT" duration-ms="21" status="PASS">
          <params>
            <param index="0">
              <value>
                <![CDATA["Verify Enquiry Status is changed to Pending payment after cancelling the payment in Express Quotation."]]>
              </value>
            </param>
            <param index="1">
              <value>
                <![CDATA["Express Quotation V2"]]>
              </value>
            </param>
          </params>
          <reporter-output>
          </reporter-output>
        </test-method> <!-- runScenario -->
        <test-method signature="runScenario(io.cucumber.testng.PickleWrapper,io.cucumber.testng.FeatureWrapper)[pri:0, instance:testRunner.RunnerAdviser@14a54ef6]" started-at="2024-02-06T13:13:17 MYT" name="runScenario" description="Runs Cucumber Scenarios" data-provider="scenarios" finished-at="2024-02-06T13:13:17 MYT" duration-ms="23" status="PASS">
          <params>
            <param index="0">
              <value>
                <![CDATA["Verify Enquiry Status is changed to Completed with paid after completing the payment in Express Quotation."]]>
              </value>
            </param>
            <param index="1">
              <value>
                <![CDATA["Express Quotation V2"]]>
              </value>
            </param>
          </params>
          <reporter-output>
          </reporter-output>
        </test-method> <!-- runScenario -->
        <test-method is-config="true" signature="tearDownClass()[pri:0, instance:testRunner.RunnerAdviser@14a54ef6]" started-at="2024-02-06T13:13:17 MYT" name="tearDownClass" finished-at="2024-02-06T13:13:17 MYT" duration-ms="3" status="PASS">
          <reporter-output>
          </reporter-output>
        </test-method> <!-- tearDownClass -->
      </class> <!-- testRunner.RunnerAdviser -->
    </test> <!-- Default test -->
  </suite> <!-- Default suite -->
</testng-results>
